{
    "2008-01-01": "Nowy Rok, \u015awi\u0119tej Bo\u017cej Rodzicielki",
    "2008-03-23": "Wielkanoc",
    "2008-03-24": "Poniedzia\u0142ek Wielkanocny",
    "2008-05-01": "\u015awi\u0119to Pracy",
    "2008-05-03": "\u015awi\u0119to Konstytucji 3 Maja",
    "2008-05-11": "Zes\u0142anie Ducha \u015awi\u0119tego (Zielone \u015awi\u0105tki)",
    "2008-05-22": "Bo\u017ce Cia\u0142o",
    "2008-08-15": "\u015awi\u0119to Wojska Polskiego, Wniebowzi\u0119cie Naj\u015bwi\u0119tszej Maryi Panny",
    "2008-11-01": "Wszystkich \u015awi\u0119tych",
    "2008-11-11": "\u015awi\u0119to Niepodleg\u0142o\u015bci",
    "2008-12-25": "Bo\u017ce Narodzenie (pierwszy dzie\u0144)",
    "2008-12-26": "Bo\u017ce Narodzenie (drugi dzie\u0144)",
    "2009-01-01": "Nowy Rok, \u015awi\u0119tej Bo\u017cej Rodzicielki",
    "2009-04-12": "Wielkanoc",
    "2009-04-13": "Poniedzia\u0142ek Wielkanocny",
    "2009-05-01": "\u015awi\u0119to Pracy",
    "2009-05-03": "\u015awi\u0119to Konstytucji 3 Maja",
    "2009-05-31": "Zes\u0142anie Ducha \u015awi\u0119tego (Zielone \u015awi\u0105tki)",
    "2009-06-11": "Bo\u017ce Cia\u0142o",
    "2009-08-15": "\u015awi\u0119to Wojska Polskiego, Wniebowzi\u0119cie Naj\u015bwi\u0119tszej Maryi Panny",
    "2009-11-01": "Wszystkich \u015awi\u0119tych",
    "2009-11-11": "\u015awi\u0119to Niepodleg\u0142o\u015bci",
    "2009-12-25": "Bo\u017ce Narodzenie (pierwszy dzie\u0144)",
    "2009-12-26": "Bo\u017ce Narodzenie (drugi dzie\u0144)",
    "2010-01-01": "Nowy Rok, \u015awi\u0119tej Bo\u017cej Rodzicielki",
    "2010-04-04": "Wielkanoc",
    "2010-04-05": "Poniedzia\u0142ek Wielkanocny",
    "2010-05-01": "\u015awi\u0119to Pracy",
    "2010-05-03": "\u015awi\u0119to Konstytucji 3 Maja",
    "2010-05-23": "Zes\u0142anie Ducha \u015awi\u0119tego (Zielone \u015awi\u0105tki)",
    "2010-06-03": "Bo\u017ce Cia\u0142o",
    "2010-08-15": "\u015awi\u0119to Wojska Polskiego, Wniebowzi\u0119cie Naj\u015bwi\u0119tszej Maryi Panny",
    "2010-11-01": "Wszystkich \u015awi\u0119tych",
    "2010-11-11": "\u015awi\u0119to Niepodleg\u0142o\u015bci",
    "2010-12-25": "Bo\u017ce Narodzenie (pierwszy dzie\u0144)",
    "2010-12-26": "Bo\u017ce Narodzenie (drugi dzie\u0144)",
    "2011-01-01": "Nowy Rok, \u015awi\u0119tej Bo\u017cej Rodzicielki",
    "2011-01-06": "Trzech Kr\u00f3li (Objawienie Pa\u0144skie)",
    "2011-04-24": "Wielkanoc",
    "2011-04-25": "Poniedzia\u0142ek Wielkanocny",
    "2011-05-01": "\u015awi\u0119to Pracy",
    "2011-05-03": "\u015awi\u0119to Konstytucji 3 Maja",
    "2011-06-12": "Zes\u0142anie Ducha \u015awi\u0119tego (Zielone \u015awi\u0105tki)",
    "2011-06-23": "Bo\u017ce Cia\u0142o",
    "2011-08-15": "\u015awi\u0119to Wojska Polskiego, Wniebowzi\u0119cie Naj\u015bwi\u0119tszej Maryi Panny",
    "2011-11-01": "Wszystkich \u015awi\u0119tych",
    "2011-11-11": "\u015awi\u0119to Niepodleg\u0142o\u015bci",
    "2011-12-25": "Bo\u017ce Narodzenie (pierwszy dzie\u0144)",
    "2011-12-26": "Bo\u017ce Narodzenie (drugi dzie\u0144)",
    "2012-01-01": "Nowy Rok, \u015awi\u0119tej Bo\u017cej Rodzicielki",
    "2012-01-06": "Trzech Kr\u00f3li (Objawienie Pa\u0144skie)",
    "2012-04-08": "Wielkanoc",
    "2012-04-09": "Poniedzia\u0142ek Wielkanocny",
    "2012-05-01": "\u015awi\u0119to Pracy",
    "2012-05-03": "\u015awi\u0119to Konstytucji 3 Maja",
    "2012-05-27": "Zes\u0142anie Ducha \u015awi\u0119tego (Zielone \u015awi\u0105tki)",
    "2012-06-07": "Bo\u017ce Cia\u0142o",
    "2012-08-15": "\u015awi\u0119to Wojska Polskiego, Wniebowzi\u0119cie Naj\u015bwi\u0119tszej Maryi Panny",
    "2012-11-01": "Wszystkich \u015awi\u0119tych",
    "2012-11-11": "\u015awi\u0119to Niepodleg\u0142o\u015bci",
    "2012-12-25": "Bo\u017ce Narodzenie (pierwszy dzie\u0144)",
    "2012-12-26": "Bo\u017ce Narodzenie (drugi dzie\u0144)",
    "2013-01-01": "Nowy Rok, \u015awi\u0119tej Bo\u017cej Rodzicielki",
    "2013-01-06": "Trzech Kr\u00f3li (Objawienie Pa\u0144skie)",
    "2013-03-31": "Wielkanoc",
    "2013-04-01": "Poniedzia\u0142ek Wielkanocny",
    "2013-05-01": "\u015awi\u0119to Pracy",
    "2013-05-03": "\u015awi\u0119to Konstytucji 3 Maja",
    "2013-05-19": "Zes\u0142anie Ducha \u015awi\u0119tego (Zielone \u015awi\u0105tki)",
    "2013-05-30": "Bo\u017ce Cia\u0142o",
    "2013-08-15": "\u015awi\u0119to Wojska Polskiego, Wniebowzi\u0119cie Naj\u015bwi\u0119tszej Maryi Panny",
    "2013-11-01": "Wszystkich \u015awi\u0119tych",
    "2013-11-11": "\u015awi\u0119to Niepodleg\u0142o\u015bci",
    "2013-12-25": "Bo\u017ce Narodzenie (pierwszy dzie\u0144)",
    "2013-12-26": "Bo\u017ce Narodzenie (drugi dzie\u0144)"
}